[23:15:34] alt:V Server 13.0 (release)
[23:15:34] Starting ExXTreMe Test on 192.168.178.65:7788
[23:15:34] Loading resource bennys
[23:15:35] Loaded resource bennys
[23:15:35] Loading resource chat
[23:15:35] Loaded resource chat
[23:15:35] Loading resource freeroam
[23:15:36] Loaded resource freeroam
[23:15:36] Loading resource glock
[23:15:36] Loaded resource glock
[23:15:36] Loading resource gtr2000
[23:15:36] Loaded resource gtr2000
[23:15:36] Loading resource gtr2015
[23:15:36] Loaded resource gtr2015
[23:15:36] Loading resource jeep
[23:15:36] Loaded resource jeep
[23:15:36] Loading resource vehspawnMenu
[23:15:36] Loaded resource vehspawnMenu
[23:15:36] Loading resource tuner
[23:15:36] Loaded resource tuner
[23:15:36] Required server permissions:
[23:15:36] Optional server permissions:
[23:15:36] Starting HTTP server on 192.168.178.65:7788
[23:15:36] Main thread started (ThreadId: 1460)
[23:15:36] Colshape thread started (ThreadId: 5848)
[23:15:36] EntityStreamer thread started (ThreadId: 27956)
[23:15:36] Sync thread started (ThreadId: 2412)
[23:15:36] Network thread started (ThreadId: 2300)
[23:15:36] Console thread started (ThreadId: 23580)
[23:15:36][Warning] Converted configs to new format
[23:15:36][Warning] Server started in debug mode
[23:15:47] Stopping resource vehspawnMenu
[23:15:47] Stopped resource vehspawnMenu
[23:15:47] Stopping resource bennys
[23:15:47] Stopped resource bennys
[23:15:47] Stopping resource chat
[23:15:47] Stopping resource freeroam
[23:15:47] Stopped resource freeroam
[23:15:47] Stopping resource tuner
[23:15:47] Stopped resource tuner
[23:15:47] Stopped resource chat
[23:15:47] Stopping resource gtr2000
[23:15:47] Stopped resource gtr2000
[23:15:47] Stopping resource glock
[23:15:47] Stopped resource glock
[23:15:47] Stopping resource gtr2015
[23:15:47] Stopped resource gtr2015
[23:15:47] Stopping resource jeep
[23:15:47] Stopped resource jeep
[23:15:48] Server shutdown
